# JRE version: Java(TM) SE Runtime Environment 18.9 (11.0.12+8) (build 11.0.12+8-LTS-237)
# Java VM: Java HotSpot(TM) 64-Bit Server VM 18.9 (11.0.12+8-LTS-237, mixed mode, tiered, compressed oops, g1 gc, bsd-amd64)
Heap:
 garbage-first heap   total 262144K, used 45741K [0x0000000700000000, 0x0000000800000000)
  region size 1024K, 38 young (38912K), 3 survivors (3072K)
 Metaspace       used 29333K, capacity 30644K, committed 30848K, reserved 1075200K
  class space    used 3663K, capacity 4216K, committed 4224K, reserved 1048576K
GC Heap History (6 events):
Event: 1.053 GC heap before
{Heap before GC invocations=0 (full 0):
 garbage-first heap   total 262144K, used 14336K [0x0000000700000000, 0x0000000800000000)
  region size 1024K, 14 young (14336K), 0 survivors (0K)
 Metaspace       used 9813K, capacity 10073K, committed 10368K, reserved 1058816K
  class space    used 969K, capacity 1062K, committed 1152K, reserved 1048576K
}
Event: 1.074 GC heap after
{Heap after GC invocations=1 (full 0):
 garbage-first heap   total 262144K, used 2420K [0x0000000700000000, 0x0000000800000000)
  region size 1024K, 2 young (2048K), 2 survivors (2048K)
 Metaspace       used 9813K, capacity 10073K, committed 10368K, reserved 1058816K
  class space    used 969K, capacity 1062K, committed 1152K, reserved 1048576K
}
Event: 5.079 GC heap before
{Heap before GC invocations=1 (full 0):
 garbage-first heap   total 262144K, used 40308K [0x0000000700000000, 0x0000000800000000)
  region size 1024K, 38 young (38912K), 2 survivors (2048K)
 Metaspace       used 20483K, capacity 21105K, committed 21248K, reserved 1067008K
  class space    used 2438K, capacity 2709K, committed 2816K, reserved 1048576K
}
Event: 5.096 GC heap after
{Heap after GC invocations=2 (full 0):
 garbage-first heap   total 262144K, used 8878K [0x0000000700000000, 0x0000000800000000)
  region size 1024K, 7 young (7168K), 7 survivors (7168K)
 Metaspace       used 20483K, capacity 21105K, committed 21248K, reserved 1067008K
  class space    used 2438K, capacity 2709K, committed 2816K, reserved 1048576K
}
Event: 49.908 GC heap before
{Heap before GC invocations=3 (full 0):
 garbage-first heap   total 262144K, used 45742K [0x0000000700000000, 0x0000000800000000)
  region size 1024K, 43 young (44032K), 7 survivors (7168K)
 Metaspace       used 27295K, capacity 28330K, committed 28416K, reserved 1073152K
  class space    used 3368K, capacity 3782K, committed 3840K, reserved 1048576K
}
Event: 49.926 GC heap after
{Heap after GC invocations=4 (full 0):
 garbage-first heap   total 262144K, used 11949K [0x0000000700000000, 0x0000000800000000)
  region size 1024K, 3 young (3072K), 3 survivors (3072K)
 Metaspace       used 27295K, capacity 28330K, committed 28416K, reserved 1073152K
  class space    used 3368K, capacity 3782K, committed 3840K, reserved 1048576K
}

